<?xml version="1.0" encoding="UTF-8"?>
<!-- Generated by org.testng.reporters.JUnitReportReporter -->
<testsuite skipped="0" hostname="LP-5CD911D3P5" name="com.hackathon.testcases.TheFloristTestcase" tests="1" failures="0" timestamp="29 Aug 2019 13:47:07 GMT" time="20.885" errors="0">
  <testcase name="floristFlow" time="20.885" classname="com.hackathon.testcases.TheFloristTestcase"/>
</testsuite> <!-- com.hackathon.testcases.TheFloristTestcase -->
