<?xml version="1.0" encoding="UTF-8"?>
<!-- Generated by org.testng.reporters.JUnitReportReporter -->
<testsuite skipped="0" hostname="LP-5CD911D3P5" name="com.hackathon.testcases.TrelloTestCases" tests="1" failures="0" timestamp="05 Sep 2019 06:41:08 GMT" time="22.608" errors="0">
  <testcase name="loginValidation" time="22.608" classname="com.hackathon.testcases.TrelloTestCases"/>
</testsuite> <!-- com.hackathon.testcases.TrelloTestCases -->
