<?xml version="1.0" encoding="UTF-8"?>
<!-- Generated by org.testng.reporters.JUnitReportReporter -->
<testsuite skipped="0" hostname="LP-5CD911D3P5" name="com.hackathon.testcases.AlliantCreditUnionTestCases" tests="1" failures="0" timestamp="29 Aug 2019 05:04:24 GMT" time="35.646" errors="0">
  <testcase name="alliantCreditFlow" time="35.646" classname="com.hackathon.testcases.AlliantCreditUnionTestCases"/>
</testsuite> <!-- com.hackathon.testcases.AlliantCreditUnionTestCases -->
