<?xml version="1.0" encoding="UTF-8"?>
<!-- Generated by org.testng.reporters.JUnitReportReporter -->
<testsuite skipped="0" hostname="LP-5CD911D3P5" name="com.hackathon.testcases.TheLabBoozangTest" tests="1" failures="0" timestamp="03 Sep 2019 07:16:36 GMT" time="39.448" errors="0">
  <testcase name="labBoozangFlow" time="39.448" classname="com.hackathon.testcases.TheLabBoozangTest"/>
</testsuite> <!-- com.hackathon.testcases.TheLabBoozangTest -->
