<?xml version="1.0" encoding="UTF-8"?>
<!-- Generated by org.testng.reporters.JUnitReportReporter -->
<testsuite name="com.hacathon.testcases.HomePage" tests="1" time="40.077" ignored="0" failures="0" timestamp="24 Aug 2019 14:21:30 GMT" skipped="0" hostname="LP-5CD911D3P5" errors="0">
  <testcase name="launchApp" time="40.077" classname="com.hacathon.testcases.HomePage"/>
</testsuite> <!-- com.hacathon.testcases.HomePage -->
