<?xml version="1.0" encoding="UTF-8"?>
<!-- Generated by org.testng.reporters.JUnitReportReporter -->
<testsuite skipped="0" hostname="LP-5CD911D3P5" name="com.hackathon.testcases.LiveOakBankTestCase" tests="1" failures="0" timestamp="04 Sep 2019 13:51:14 GMT" time="39.204" errors="0">
  <testcase name="liveOakBankFlow" time="39.204" classname="com.hackathon.testcases.LiveOakBankTestCase"/>
</testsuite> <!-- com.hackathon.testcases.LiveOakBankTestCase -->
